Crashlog created at 2020-07-20 10:21:03 -0400

===== MESSAGE:

Nanoc::DataSources::Filesystem::Errors::InvalidFormat: The file 'content/content/faq/free_tools.md.erb' appears to start with a metadata section (three or five dashes at the top) but it does not seem to be in the correct format.

===== STACK TRACE:

  0. /Users/pitosalas/.rbenv/versions/2.6.6/lib/ruby/gems/2.6.0/gems/nanoc-4.11.16/lib/nanoc/data_sources/filesystem/parser.rb:51:in `parse_with_frontmatter'
  1. /Users/pitosalas/.rbenv/versions/2.6.6/lib/ruby/gems/2.6.0/gems/nanoc-4.11.16/lib/nanoc/data_sources/filesystem/parser.rb:29:in `call'
  2. /Users/pitosalas/.rbenv/versions/2.6.6/lib/ruby/gems/2.6.0/gems/nanoc-4.11.16/lib/nanoc/data_sources/filesystem.rb:412:in `parse'
  3. /Users/pitosalas/.rbenv/versions/2.6.6/lib/ruby/gems/2.6.0/gems/nanoc-4.11.16/lib/nanoc/data_sources/filesystem.rb:157:in `read_proto_document'
  4. /Users/pitosalas/.rbenv/versions/2.6.6/lib/ruby/gems/2.6.0/gems/nanoc-4.11.16/lib/nanoc/data_sources/filesystem.rb:186:in `block in load_objects'
  5. /Users/pitosalas/.rbenv/versions/2.6.6/lib/ruby/gems/2.6.0/gems/nanoc-4.11.16/lib/nanoc/data_sources/filesystem.rb:223:in `block (2 levels) in each_content_meta_pair_in'
  6. /Users/pitosalas/.rbenv/versions/2.6.6/lib/ruby/gems/2.6.0/gems/nanoc-4.11.16/lib/nanoc/data_sources/filesystem.rb:215:in `each'
  7. /Users/pitosalas/.rbenv/versions/2.6.6/lib/ruby/gems/2.6.0/gems/nanoc-4.11.16/lib/nanoc/data_sources/filesystem.rb:215:in `block in each_content_meta_pair_in'
  8. /Users/pitosalas/.rbenv/versions/2.6.6/lib/ruby/gems/2.6.0/gems/nanoc-4.11.16/lib/nanoc/data_sources/filesystem.rb:206:in `each'
  9. /Users/pitosalas/.rbenv/versions/2.6.6/lib/ruby/gems/2.6.0/gems/nanoc-4.11.16/lib/nanoc/data_sources/filesystem.rb:206:in `each_content_meta_pair_in'
  10. /Users/pitosalas/.rbenv/versions/2.6.6/lib/ruby/gems/2.6.0/gems/nanoc-4.11.16/lib/nanoc/data_sources/filesystem.rb:185:in `load_objects'
  11. /Users/pitosalas/.rbenv/versions/2.6.6/lib/ruby/gems/2.6.0/gems/nanoc-4.11.16/lib/nanoc/data_sources/filesystem.rb:75:in `items'
  12. /Users/pitosalas/.rbenv/versions/2.6.6/lib/ruby/gems/2.6.0/gems/nanoc-core-4.11.16/lib/nanoc/core/prefixed_data_source.rb:15:in `items'
  13. /Users/pitosalas/.rbenv/versions/2.6.6/lib/ruby/gems/2.6.0/gems/nanoc-core-4.11.16/lib/nanoc/core/aggregate_data_source.rb:15:in `each'
  14. /Users/pitosalas/.rbenv/versions/2.6.6/lib/ruby/gems/2.6.0/gems/nanoc-core-4.11.16/lib/nanoc/core/aggregate_data_source.rb:15:in `flat_map'
  15. /Users/pitosalas/.rbenv/versions/2.6.6/lib/ruby/gems/2.6.0/gems/nanoc-core-4.11.16/lib/nanoc/core/aggregate_data_source.rb:15:in `items'
  16. /Users/pitosalas/.rbenv/versions/2.6.6/lib/ruby/gems/2.6.0/gems/nanoc-core-4.11.16/lib/nanoc/core/site.rb:28:in `initialize'
  17. /Users/pitosalas/.rbenv/versions/2.6.6/lib/ruby/gems/2.6.0/gems/nanoc-core-4.11.16/lib/nanoc/core/site_loader.rb:36:in `new'
  18. /Users/pitosalas/.rbenv/versions/2.6.6/lib/ruby/gems/2.6.0/gems/nanoc-core-4.11.16/lib/nanoc/core/site_loader.rb:36:in `site_from_config'
  19. /Users/pitosalas/.rbenv/versions/2.6.6/lib/ruby/gems/2.6.0/gems/nanoc-core-4.11.16/lib/nanoc/core/site_loader.rb:9:in `new_from_cwd'
  20. /Users/pitosalas/.rbenv/versions/2.6.6/lib/ruby/gems/2.6.0/gems/nanoc-cli-4.11.16/lib/nanoc/cli/command_runner.rb:60:in `load_site'
  21. /Users/pitosalas/.rbenv/versions/2.6.6/lib/ruby/gems/2.6.0/gems/nanoc-cli-4.11.16/lib/nanoc/cli/commands/compile.rb:37:in `run_once'
  22. /Users/pitosalas/.rbenv/versions/2.6.6/lib/ruby/gems/2.6.0/gems/nanoc-cli-4.11.16/lib/nanoc/cli/commands/compile.rb:25:in `run'
  23. /Users/pitosalas/.rbenv/versions/2.6.6/lib/ruby/gems/2.6.0/gems/nanoc-cli-4.11.16/lib/nanoc/cli/command_runner.rb:15:in `block in call'
  24. /Users/pitosalas/.rbenv/versions/2.6.6/lib/ruby/gems/2.6.0/gems/nanoc-cli-4.11.16/lib/nanoc/cli/error_handler.rb:15:in `block in handle_while'
  25. /Users/pitosalas/.rbenv/versions/2.6.6/lib/ruby/gems/2.6.0/gems/nanoc-cli-4.11.16/lib/nanoc/cli/error_handler.rb:57:in `handle_while'
  26. /Users/pitosalas/.rbenv/versions/2.6.6/lib/ruby/gems/2.6.0/gems/nanoc-cli-4.11.16/lib/nanoc/cli/error_handler.rb:15:in `handle_while'
  27. /Users/pitosalas/.rbenv/versions/2.6.6/lib/ruby/gems/2.6.0/gems/nanoc-cli-4.11.16/lib/nanoc/cli/command_runner.rb:14:in `call'
  28. /Users/pitosalas/.rbenv/versions/2.6.6/lib/ruby/gems/2.6.0/gems/cri-2.15.10/lib/cri/command_dsl.rb:303:in `block in runner'
  29. /Users/pitosalas/.rbenv/versions/2.6.6/lib/ruby/gems/2.6.0/gems/cri-2.15.10/lib/cri/command.rb:360:in `run_this'
  30. /Users/pitosalas/.rbenv/versions/2.6.6/lib/ruby/gems/2.6.0/gems/cri-2.15.10/lib/cri/command.rb:296:in `run'
  31. /Users/pitosalas/.rbenv/versions/2.6.6/lib/ruby/gems/2.6.0/gems/cri-2.15.10/lib/cri/command.rb:314:in `run'
  32. /Users/pitosalas/.rbenv/versions/2.6.6/lib/ruby/gems/2.6.0/gems/nanoc-cli-4.11.16/lib/nanoc/cli.rb:88:in `block in run'
  33. /Users/pitosalas/.rbenv/versions/2.6.6/lib/ruby/gems/2.6.0/gems/nanoc-cli-4.11.16/lib/nanoc/cli/error_handler.rb:15:in `block in handle_while'
  34. /Users/pitosalas/.rbenv/versions/2.6.6/lib/ruby/gems/2.6.0/gems/nanoc-cli-4.11.16/lib/nanoc/cli/error_handler.rb:57:in `handle_while'
  35. /Users/pitosalas/.rbenv/versions/2.6.6/lib/ruby/gems/2.6.0/gems/nanoc-cli-4.11.16/lib/nanoc/cli/error_handler.rb:15:in `handle_while'
  36. /Users/pitosalas/.rbenv/versions/2.6.6/lib/ruby/gems/2.6.0/gems/nanoc-cli-4.11.16/lib/nanoc/cli.rb:86:in `run'
  37. /Users/pitosalas/.rbenv/versions/2.6.6/lib/ruby/gems/2.6.0/gems/nanoc-4.11.16/bin/nanoc:18:in `<top (required)>'
  38. /Users/pitosalas/.rbenv/versions/2.6.6/bin/nanoc:23:in `load'

===== VERSION INFORMATION:

Nanoc 4.11.16 © 2007–2019 Denis Defreyne.
Running ruby 2.6.6 (2020-03-31) on x86_64-darwin19 with RubyGems 3.0.3.

===== SYSTEM INFORMATION:

Darwin iMac-2018.local 19.6.0 Darwin Kernel Version 19.6.0: Sun Jul  5 00:43:10 PDT 2020; root:xnu-6153.141.1~9/RELEASE_X86_64 x86_64

===== INSTALLED GEMS:

  actioncable 6.0.2.2
  actionmailbox 6.0.2.2
  actionmailer 6.0.2.2
  actionpack 6.0.2.2
  actiontext 6.0.2.2
  actionview 6.0.2.2
  activejob 6.0.2.2
  activemodel 6.0.2.2
  activerecord 6.0.2.2
  activestorage 6.0.2.2
  activesupport 6.0.2.1, 6.0.2.2, 6.0.3, 6.0.3.1
  addressable 2.7.0
  adsf 1.4.3
  amq-protocol 2.3.0
  ast 2.4.0
  awesome_print 1.8.0
  backport 1.1.2
  benchmark 0.1.0
  better_errors 2.6.0
  bigdecimal 1.4.1
  bindex 0.8.1
  binding_of_caller 0.8.0
  bootsnap 1.4.6
  builder 3.2.4
  bundler 1.17.2, 2.1.4
  bunny 2.9.2
  byebug 3.5.1, 11.1.1, 11.1.3
  capybara 3.32.0
  childprocess 3.0.0
  cmath 1.0.0
  coderay 1.1.0, 1.1.2, 1.1.3
  coffee-script 2.4.1
  coffee-script-source 1.11.1
  colorator 1.1.0
  colored 1.2
  columnize 0.9.0
  commonmarker 0.17.13
  concurrent-ruby 1.1.6
  coursegen 0.8.3, 0.9.0
  crass 1.0.6
  cri 2.15.9, 2.15.10
  csv 3.0.9
  date 2.0.0
  dbm 1.0.0
  ddmemoize 1.0.0
  ddmetrics 1.0.1
  ddplugin 1.0.2
  debug_inspector 0.0.3
  debugger-linecache 1.2.0
  did_you_mean 1.3.0
  diff-lcs 1.3
  dnsruby 1.61.3
  e2mmap 0.1.0
  em-websocket 0.5.1
  equatable 0.6.1
  erubi 1.9.0
  etc 1.0.1
  ethon 0.7.3, 0.12.0
  eventmachine 1.2.7
  execjs 2.7.0
  faraday 1.0.1
  fcntl 1.0.0
  ffi 1.9.6, 1.12.2, 1.13.1
  fiddle 1.0.0
  fileutils 1.1.0
  formatador 0.2.5
  forwardable 1.2.0
  forwardable-extended 2.6.0
  gdbm 2.0.0
  gemoji 3.0.1
  github-pages 204
  github-pages-health-check 1.16.1
  globalid 0.4.2
  guard 2.16.1, 2.16.2
  guard-compat 1.2.1
  guard-shell 0.7.1
  hamster 3.0.0
  html-pipeline 2.12.3
  http_parser.rb 0.6.0
  i18n 0.7.0, 0.9.5, 1.8.2, 1.8.3
  icalendar 2.6.1
  ice_cube 0.16.3
  io-console 0.4.7
  ipaddr 1.2.2
  irb 1.0.0
  jaro_winkler 1.5.4
  jbuilder 2.10.0
  jekyll 3.8.5
  jekyll-avatar 0.7.0
  jekyll-coffeescript 1.1.1
  jekyll-commonmark 1.3.1
  jekyll-commonmark-ghpages 0.1.6
  jekyll-default-layout 0.1.4
  jekyll-feed 0.13.0
  jekyll-gist 1.5.0
  jekyll-github-metadata 2.13.0
  jekyll-mentions 1.5.1
  jekyll-optional-front-matter 0.3.2
  jekyll-paginate 1.1.0
  jekyll-readme-index 0.3.0
  jekyll-redirect-from 0.15.0
  jekyll-relative-links 0.6.1
  jekyll-remote-theme 0.4.1
  jekyll-sass-converter 1.5.2
  jekyll-seo-tag 2.6.1
  jekyll-sitemap 1.4.0
  jekyll-swiss 1.0.0
  jekyll-theme-architect 0.1.1
  jekyll-theme-cayman 0.1.1
  jekyll-theme-dinky 0.1.1
  jekyll-theme-hacker 0.1.1
  jekyll-theme-leap-day 0.1.1
  jekyll-theme-merlot 0.1.1
  jekyll-theme-midnight 0.1.1
  jekyll-theme-minimal 0.1.1
  jekyll-theme-modernist 0.1.1
  jekyll-theme-primer 0.5.4
  jekyll-theme-slate 0.1.1
  jekyll-theme-tactile 0.1.1
  jekyll-theme-time-machine 0.1.1
  jekyll-titles-from-headings 0.5.3
  jekyll-watch 2.2.1
  jemoji 0.11.1
  json 2.1.0, 2.3.0
  json_schema 0.20.8
  kramdown 1.17.0, 2.1.0, 2.2.1
  liquid 4.0.3
  listen 3.1.5, 3.2.1
  logger 1.3.0
  loofah 2.4.0, 2.5.0
  lumberjack 1.1.1, 1.2.5
  mail 2.7.1
  marcel 0.3.3
  maruku 0.7.3
  matrix 0.1.0
  mercenary 0.3.6
  method_source 0.8.2, 0.9.2, 1.0.0
  mimemagic 0.3.4
  mini_mime 1.0.2
  mini_portile 0.6.2
  mini_portile2 2.4.0
  minima 2.5.1
  minitest 5.11.3, 5.13.0, 5.14.0, 5.14.1
  msgpack 1.3.3
  multipart-post 2.1.1
  mutex_m 0.1.0
  nanoc 4.11.14, 4.11.16
  nanoc-checking 1.0.0
  nanoc-cli 4.11.14, 4.11.16
  nanoc-core 4.11.14, 4.11.16
  nanoc-deploying 1.0.0
  nenv 0.3.0
  net-telnet 0.2.0
  nio4r 2.5.2
  nokogiri 1.10.8, 1.10.9
  nori 2.6.0
  notiffany 0.1.3
  octokit 4.18.0
  openssl 2.1.2
  ostruct 0.1.0
  parallel 1.19.1
  parser 2.7.0.5, 2.7.1.2
  pastel 0.7.3, 0.7.4
  pathutil 0.16.2
  pg 1.2.3
  power_assert 1.1.3
  prime 0.1.0
  pry 0.12.2, 0.13.0, 0.13.1
  pry-byebug 3.9.0
  psych 3.1.0
  public_suffix 3.1.1, 4.0.3, 4.0.5
  puma 4.3.3
  rack 2.2.2
  rack-proxy 0.6.5
  rack-test 1.1.0
  rails 6.0.2.2
  rails-dom-testing 2.0.3
  rails-html-sanitizer 1.3.0
  railties 6.0.2.2
  rainbow 3.0.0
  rake 12.3.3, 13.0.0, 13.0.1
  rb-fsevent 0.10.3, 0.10.4
  rb-inotify 0.10.1
  rdoc 6.1.2
  redis 4.1.3
  ref 2.0.0
  regexp_parser 1.7.0
  reverse_markdown 1.4.0
  rexml 3.1.9, 3.2.4
  rouge 3.13.0
  rspec 3.9.0
  rspec-core 3.9.2
  rspec-expectations 3.9.2
  rspec-mocks 3.9.1
  rspec-support 3.9.3
  rss 0.2.7
  rubocop 0.81.0, 0.83.0, 0.86.0
  rubocop-ast 0.1.0
  ruby-enum 0.8.0
  ruby-progressbar 1.10.1
  ruby_dep 1.5.0
  rubytree 1.0.0
  rubyzip 2.3.0
  safe_yaml 1.0.5
  sass 3.7.4
  sass-listen 4.0.0
  sass-rails 6.0.0
  sassc 2.2.1
  sassc-rails 2.1.2
  sawyer 0.8.2
  scanf 1.0.0
  sdbm 1.0.0
  selenium-webdriver 3.142.7
  shell 0.7
  shellany 0.0.1
  slop 3.6.0
  slow_enumerator_tools 1.1.0
  solargraph 0.38.6, 0.39.0
  spring 2.1.0
  spring-watcher-listen 2.0.1
  sprockets 4.0.0
  sprockets-rails 3.2.1
  stringio 0.0.2
  strscan 1.0.0
  structured_warnings 0.4.0
  sync 0.5.0
  terminal-table 1.8.0
  test-unit 3.2.9
  thor 1.0.1
  thread_safe 0.3.6
  thwait 0.1.0
  tilt 2.0.10
  tomlrb 1.2.9, 1.3.0
  tracer 0.1.0
  tty-color 0.5.0, 0.5.1
  tty-command 0.9.0
  tty-platform 0.2.1, 0.3.0
  tty-which 0.4.1, 0.4.2
  turbolinks 5.2.1
  turbolinks-source 5.2.0
  typhoeus 1.3.1, 1.4.0
  tzinfo 1.2.6, 1.2.7
  unicode-display_width 1.7.0
  web-console 4.0.1
  webdrivers 4.2.0
  webpacker 4.2.2
  webrick 1.4.2
  websocket-driver 0.7.1
  websocket-extensions 0.1.4
  xml-simple 1.1.5
  xmlrpc 0.3.0
  xpath 3.2.0
  yahoo_weatherman 2.0.0
  yard 0.9.24
  zeitwerk 2.2.2, 2.3.0
  zlib 1.0.0

===== LOAD PATHS:

  0. /Users/pitosalas/.rbenv/versions/2.6.6/lib/ruby/gems/2.6.0/gems/ref-2.0.0/lib
  1. /usr/local/Cellar/rbenv/1.1.2/rbenv.d/exec/gem-rehash
  2. /Users/pitosalas/.rbenv/versions/2.6.6/lib/ruby/gems/2.6.0/gems/did_you_mean-1.3.0/lib
  3. /Users/pitosalas/.rbenv/versions/2.6.6/lib/ruby/gems/2.6.0/gems/addressable-2.7.0/lib
  4. /Users/pitosalas/.rbenv/versions/2.6.6/lib/ruby/gems/2.6.0/gems/colored-1.2/lib
  5. /Users/pitosalas/.rbenv/versions/2.6.6/lib/ruby/gems/2.6.0/gems/diff-lcs-1.3/lib
  6. /Users/pitosalas/.rbenv/versions/2.6.6/lib/ruby/gems/2.6.0/gems/ddmetrics-1.0.1/lib
  7. /Users/pitosalas/.rbenv/versions/2.6.6/lib/ruby/gems/2.6.0/gems/ref-2.0.0/lib
  8. /Users/pitosalas/.rbenv/versions/2.6.6/lib/ruby/gems/2.6.0/gems/ddmemoize-1.0.0/lib
  9. /Users/pitosalas/.rbenv/versions/2.6.6/lib/ruby/gems/2.6.0/gems/ddplugin-1.0.2/lib
  10. /Users/pitosalas/.rbenv/versions/2.6.6/lib/ruby/gems/2.6.0/gems/concurrent-ruby-1.1.6/lib/concurrent-ruby
  11. /Users/pitosalas/.rbenv/versions/2.6.6/lib/ruby/gems/2.6.0/gems/hamster-3.0.0/lib
  12. /Users/pitosalas/.rbenv/versions/2.6.6/lib/ruby/gems/2.6.0/gems/json_schema-0.20.8/lib
  13. /Users/pitosalas/.rbenv/versions/2.6.6/lib/ruby/gems/2.6.0/gems/slow_enumerator_tools-1.1.0/lib
  14. /Users/pitosalas/.rbenv/versions/2.6.6/lib/ruby/gems/2.6.0/gems/nanoc-core-4.11.16/lib
  15. /Users/pitosalas/.rbenv/versions/2.6.6/lib/ruby/gems/2.6.0/gems/nanoc-cli-4.11.16/lib
  16. /Users/pitosalas/.rbenv/versions/2.6.6/lib/ruby/gems/2.6.0/gems/nanoc-checking-1.0.0/lib
  17. /Users/pitosalas/.rbenv/versions/2.6.6/lib/ruby/gems/2.6.0/gems/nanoc-deploying-1.0.0/lib
  18. /Users/pitosalas/.rbenv/versions/2.6.6/lib/ruby/gems/2.6.0/gems/parallel-1.19.1/lib
  19. /Users/pitosalas/.rbenv/versions/2.6.6/lib/ruby/gems/2.6.0/gems/tty-command-0.9.0/lib
  20. /Users/pitosalas/.rbenv/versions/2.6.6/lib/ruby/gems/2.6.0/gems/nanoc-4.11.16/lib
  21. /Users/pitosalas/.rbenv/versions/2.6.6/lib/ruby/gems/2.6.0/gems/public_suffix-4.0.5/lib
  22. /Users/pitosalas/.rbenv/versions/2.6.6/lib/ruby/gems/2.6.0/gems/cri-2.15.10/lib
  23. /Users/pitosalas/.rbenv/versions/2.6.6/lib/ruby/gems/2.6.0/gems/tomlrb-1.3.0/lib
  24. /Users/pitosalas/.rbenv/versions/2.6.6/lib/ruby/gems/2.6.0/gems/tty-platform-0.3.0/lib
  25. /Users/pitosalas/.rbenv/versions/2.6.6/lib/ruby/gems/2.6.0/gems/zeitwerk-2.3.0/lib
  26. /Users/pitosalas/.rbenv/versions/2.6.6/lib/ruby/gems/2.6.0/gems/tty-color-0.5.1/lib
  27. /Users/pitosalas/.rbenv/versions/2.6.6/lib/ruby/gems/2.6.0/gems/equatable-0.6.1/lib
  28. /Users/pitosalas/.rbenv/versions/2.6.6/lib/ruby/gems/2.6.0/gems/pastel-0.7.4/lib
  29. /Users/pitosalas/.rbenv/versions/2.6.6/lib/ruby/gems/2.6.0/gems/tty-which-0.4.2/lib
  30. /Users/pitosalas/.rbenv/versions/2.6.6/lib/ruby/gems/2.6.0/gems/json-2.3.0/lib
  31. /Users/pitosalas/.rbenv/versions/2.6.6/lib/ruby/gems/2.6.0/extensions/x86_64-darwin-19/2.6.0/json-2.3.0
  32. /Users/pitosalas/.rbenv/versions/2.6.6/lib/ruby/gems/2.6.0/gems/rack-2.2.2/lib
  33. /Users/pitosalas/.rbenv/versions/2.6.6/lib/ruby/gems/2.6.0/gems/adsf-1.4.3/lib
  34. /Users/pitosalas/.rbenv/versions/2.6.6/lib/ruby/gems/2.6.0/gems/guard-compat-1.2.1/lib
  35. /Users/pitosalas/.rbenv/versions/2.6.6/lib/ruby/gems/2.6.0/gems/guard-shell-0.7.1/lib
  36. /Users/pitosalas/.rbenv/versions/2.6.6/lib/ruby/gems/2.6.0/gems/ice_cube-0.16.3/lib
  37. /Users/pitosalas/.rbenv/versions/2.6.6/lib/ruby/gems/2.6.0/gems/icalendar-2.6.1/lib
  38. /Users/pitosalas/.rbenv/versions/2.6.6/lib/ruby/gems/2.6.0/gems/structured_warnings-0.4.0/lib
  39. /Users/pitosalas/.rbenv/versions/2.6.6/lib/ruby/gems/2.6.0/gems/rubytree-1.0.0/lib
  40. /Users/pitosalas/.rbenv/versions/2.6.6/lib/ruby/gems/2.6.0/gems/thor-1.0.1/lib
  41. /Users/pitosalas/.rbenv/versions/2.6.6/lib/ruby/gems/2.6.0/gems/coursegen-0.9.0/lib
  42. /Users/pitosalas/.rbenv/versions/2.6.6/lib/ruby/gems/2.6.0/gems/mini_portile2-2.4.0/lib
  43. /Users/pitosalas/.rbenv/versions/2.6.6/lib/ruby/gems/2.6.0/gems/nokogiri-1.10.9/lib
  44. /Users/pitosalas/.rbenv/versions/2.6.6/lib/ruby/gems/2.6.0/extensions/x86_64-darwin-19/2.6.0/nokogiri-1.10.9
  45. /Users/pitosalas/.rbenv/versions/2.6.6/lib/ruby/gems/2.6.0/gems/byebug-11.1.3/lib
  46. /Users/pitosalas/.rbenv/versions/2.6.6/lib/ruby/gems/2.6.0/extensions/x86_64-darwin-19/2.6.0/byebug-11.1.3
  47. /Users/pitosalas/.rbenv/versions/2.6.6/lib/ruby/gems/2.6.0/gems/activesupport-6.0.3.1/lib
  48. /Users/pitosalas/.rbenv/versions/2.6.6/lib/ruby/gems/2.6.0/gems/i18n-1.8.3/lib
  49. /Users/pitosalas/.rbenv/versions/2.6.6/lib/ruby/gems/2.6.0/gems/thread_safe-0.3.6/lib
  50. /Users/pitosalas/.rbenv/versions/2.6.6/lib/ruby/gems/2.6.0/gems/tzinfo-1.2.7/lib
  51. /Users/pitosalas/.rbenv/versions/2.6.6/lib/ruby/site_ruby/2.6.0
  52. /Users/pitosalas/.rbenv/versions/2.6.6/lib/ruby/site_ruby/2.6.0/x86_64-darwin19
  53. /Users/pitosalas/.rbenv/versions/2.6.6/lib/ruby/site_ruby
  54. /Users/pitosalas/.rbenv/versions/2.6.6/lib/ruby/vendor_ruby/2.6.0
  55. /Users/pitosalas/.rbenv/versions/2.6.6/lib/ruby/vendor_ruby/2.6.0/x86_64-darwin19
  56. /Users/pitosalas/.rbenv/versions/2.6.6/lib/ruby/vendor_ruby
  57. /Users/pitosalas/.rbenv/versions/2.6.6/lib/ruby/2.6.0
  58. /Users/pitosalas/.rbenv/versions/2.6.6/lib/ruby/2.6.0/x86_64-darwin19
